2024-02-24 22:40:41 : [right meow!] : info: 
2024-02-24 22:40:52 : [right meow!] : info: 
2024-02-24 22:40:56 : [right meow!] : info: Successfu
2024-02-24 22:40:58 : [right meow!] : info: Successfully s
2024-02-24 22:41:03 : [right meow!] : info: Successfully started the server
2024-02-24 22:41:05 : [right meow!] : info: Successfully started the server
2024-02-24 22:41:07 : [right meow!] : info: Successfully started the server
2024-02-24 22:41:10 : [right meow!] : info: Successfully started the server
2024-02-24 22:41:12 : [right meow!] : info: Successfully started the server
2024-02-24 22:41:40 : [undefined] : info: Successfully started the server
2024-02-24 22:41:42 : [undefined] : info: Successfully started the server
2024-02-24 22:41:52 : [function createFormatWrap(opts) {
    return new Format(opts);
  }] : info: Successfully started the server
2024-02-24 22:42:07 : info: Successfully started the server
2024-06-10 18:01:50 : info: Successfully started the server
2024-06-10 18:01:57 : info: Successfully started the server
2024-06-10 18:02:32 : info: Successfully started the server
2024-06-10 18:05:58 : info: Successfully started the server
2024-06-10 18:08:43 : info: Successfully started the server
2024-06-10 18:50:16 : info: Successfully started the server
2024-06-10 18:50:31 : info: Successfully started the server
2024-06-10 18:50:34 : info: Successfully started the server
2024-06-10 18:50:36 : info: Successfully started the server
2024-06-10 18:50:42 : info: Successfully started the server
2024-06-10 18:50:55 : info: Successfully started the server
2024-06-10 18:50:57 : info: Successfully started the server
2024-06-10 18:51:00 : info: Successfully started the server
2024-06-10 18:51:03 : info: Successfully started the server
2024-06-10 18:51:05 : info: Successfully started the server
2024-06-10 18:51:10 : info: Successfully started the server
2024-06-10 18:51:12 : info: Successfully started the server
2024-06-10 18:51:17 : info: Successfully started the server
2024-06-10 18:52:38 : info: Successfully started the server
2024-06-10 18:52:40 : info: Successfully started the server
2024-06-10 18:52:47 : info: Successfully started the server
2024-06-10 18:52:54 : info: Successfully started the server
2024-06-10 18:52:59 : info: Successfully started the server
2024-06-10 18:53:04 : info: Successfully started the server
2024-06-10 18:53:06 : info: Successfully started the server
2024-06-10 18:53:08 : info: Successfully started the server
2024-06-10 18:53:12 : info: Successfully started the server
2024-06-10 18:53:16 : info: Successfully started the server
2024-06-10 18:53:21 : info: Successfully started the server
2024-06-10 18:53:21 : info: Successfully started the server
2024-06-10 18:53:45 : info: Successfully started the server
2024-06-10 18:53:50 : info: Successfully started the server
2024-06-10 18:53:59 : info: Successfully started the server
2024-06-10 18:54:14 : info: Successfully started the server
2024-06-10 18:54:19 : info: Successfully started the server
2024-06-10 18:54:25 : info: Successfully started the server
2024-06-10 18:54:26 : info: Successfully started the server
2024-06-10 18:54:29 : info: Successfully started the server
2024-06-10 18:55:09 : info: Successfully started the server
2024-06-10 18:55:14 : info: Successfully started the server
2024-06-10 18:55:22 : info: Successfully started the server
2024-06-10 18:55:25 : info: Successfully started the server
2024-06-10 18:55:28 : info: Successfully started the server
2024-06-10 18:55:31 : info: Successfully started the server
2024-06-10 18:55:45 : info: Successfully started the server
2024-06-10 18:55:50 : info: Successfully started the server
2024-06-10 18:55:52 : info: Successfully started the server
2024-06-10 18:55:56 : info: Successfully started the server
2024-06-10 18:55:58 : info: Successfully started the server
2024-06-10 18:56:03 : info: Successfully started the server
2024-06-10 18:56:06 : info: Successfully started the server
2024-06-10 18:56:08 : info: Successfully started the server
2024-06-10 18:56:10 : info: Successfully started the server
2024-06-10 18:56:16 : info: Successfully started the server
2024-06-10 18:56:31 : info: Successfully started the server
2024-06-10 18:56:33 : info: Successfully started the server
2024-06-10 18:56:55 : info: Successfully started the server
2024-06-10 18:57:00 : info: Successfully started the server
2024-06-10 18:57:05 : info: Successfully started the server
2024-06-10 18:57:11 : info: Successfully started the server
2024-06-10 18:57:31 : info: Successfully started the server
2024-06-10 18:57:34 : info: Successfully started the server
2024-06-10 18:57:56 : info: Successfully started the server
2024-06-10 18:58:16 : info: Successfully started the server
2024-06-10 18:59:00 : info: Successfully started the server
2024-06-10 19:44:03 : info: Successfully started the server
2024-06-10 19:44:06 : info: Successfully started the server
2024-06-10 19:45:05 : info: Successfully started the server
2024-06-10 19:48:08 : info: Successfully started the server
2024-06-10 19:48:48 : info: Successfully started the server
2024-06-10 19:48:50 : info: Successfully started the server
2024-06-10 19:48:51 : info: Successfully started the server
2024-06-10 19:49:39 : info: Successfully started the server
2024-06-10 19:49:41 : info: Successfully started the server
2024-06-10 19:50:28 : info: Successfully started the server
2024-06-10 19:51:02 : info: Successfully started the server
2024-06-10 19:51:33 : info: Successfully started the server
2024-06-10 19:51:34 : info: Successfully started the server
2024-06-10 19:51:45 : info: Successfully started the server
2024-06-10 19:51:46 : info: Successfully started the server
2024-06-10 19:51:48 : info: Successfully started the server
2024-06-10 19:55:13 : info: Successfully started the server
2024-06-10 19:55:16 : info: Successfully started the server
2024-06-10 19:55:18 : info: Successfully started the server
2024-06-10 19:55:21 : info: Successfully started the server
2024-06-10 19:55:36 : info: Successfully started the server
2024-06-10 20:09:41 : info: Successfully started the server
2024-06-10 20:10:00 : info: Successfully started the server
2024-06-10 20:10:03 : info: Successfully started the server
2024-06-11 06:26:49 : info: Successfully started the server
2024-06-11 06:28:58 : info: Successfully started the server
2024-06-11 06:29:04 : info: Successfully started the server
2024-06-11 06:30:05 : info: Successfully started the server
2024-06-11 06:30:07 : info: Successfully started the server
2024-06-11 06:31:21 : info: Successfully started the server
2024-06-11 06:31:23 : info: Successfully started the server
2024-06-11 06:31:26 : info: Successfully started the server
2024-06-11 06:31:28 : info: Successfully started the server
2024-06-11 06:31:32 : info: Successfully started the server
2024-06-11 06:31:34 : info: Successfully started the server
2024-06-11 06:31:37 : info: Successfully started the server
2024-06-11 06:32:38 : info: Successfully started the server
2024-06-11 06:33:36 : info: Successfully started the server
2024-06-11 06:33:40 : info: Successfully started the server
2024-06-11 06:35:11 : info: Successfully started the server
2024-06-11 06:35:14 : info: Successfully started the server
2024-06-11 06:35:28 : info: Successfully started the server
2024-06-11 06:36:14 : info: Successfully started the server
2024-06-11 07:15:00 : info: Successfully started the server
2024-06-11 07:17:41 : info: Successfully started the server
2024-06-11 07:17:44 : info: Successfully started the server
2024-06-11 07:17:46 : info: Successfully started the server
2024-06-11 07:17:51 : info: Successfully started the server
2024-06-11 07:20:41 : info: Successfully started the server
2024-06-11 07:22:03 : info: Successfully started the server
2024-06-11 07:22:16 : info: Successfully started the server
2024-06-11 07:22:17 : info: Successfully started the server
2024-06-11 07:22:34 : info: Successfully started the server
2024-06-11 07:22:36 : info: Successfully started the server
2024-06-11 07:22:39 : info: Successfully started the server
2024-06-11 07:23:41 : info: Successfully started the server
2024-06-11 07:25:11 : info: Successfully started the server
2024-06-11 07:26:06 : info: Successfully started the server
2024-06-11 07:26:08 : info: Successfully started the server
2024-06-11 07:26:16 : info: Successfully started the server
2024-06-11 07:26:17 : info: Successfully started the server
2024-06-11 07:26:19 : info: Successfully started the server
2024-06-11 07:27:45 : info: Successfully started the server
2024-06-11 07:27:48 : info: Successfully started the server
2024-06-11 07:27:50 : info: Successfully started the server
2024-06-11 07:27:51 : info: Successfully started the server
2024-06-11 07:29:41 : info: Successfully started the server
2024-06-11 07:29:42 : info: Successfully started the server
2024-06-11 07:31:05 : info: Successfully started the server
2024-06-11 07:31:10 : info: Successfully started the server
2024-06-11 07:31:35 : info: Successfully started the server
2024-06-11 07:36:14 : info: Successfully started the server
2024-06-11 07:36:16 : info: Successfully started the server
2024-06-11 07:38:59 : info: Successfully started the server
2024-06-11 07:39:04 : info: Successfully started the server
2024-06-11 07:44:23 : info: Successfully started the server
2024-06-11 07:45:26 : info: Successfully started the server
2024-06-11 07:47:14 : info: Successfully started the server
2024-06-11 07:47:14 : info: Successfully started the server
2024-06-11 08:06:07 : info: Successfully started the server
2024-06-11 08:06:08 : info: Successfully started the server
2024-06-11 08:09:47 : info: Successfully started the server
2024-06-11 08:09:52 : info: Successfully started the server
2024-06-11 08:14:44 : info: Successfully started the server
2024-06-11 08:14:45 : info: Successfully started the server
2024-06-11 08:16:00 : info: Successfully started the server
2024-06-11 08:16:02 : info: Successfully started the server
2024-06-11 08:16:38 : info: Successfully started the server
2024-06-11 08:16:52 : info: Successfully started the server
2024-06-11 08:26:39 : info: Successfully started the server
2024-06-11 08:26:47 : info: Successfully started the server
2024-06-11 08:26:51 : info: Successfully started the server
2024-06-11 08:26:53 : info: Successfully started the server
2024-06-11 08:27:16 : info: Successfully started the server
2024-06-11 08:31:51 : info: Successfully started the server
2024-06-11 08:33:40 : info: Successfully started the server
2024-06-11 08:34:20 : info: Successfully started the server
2024-06-11 08:34:23 : info: Successfully started the server
2024-06-11 08:35:43 : info: Successfully started the server
2024-06-11 08:35:50 : info: Successfully started the server
2024-06-11 08:35:52 : info: Successfully started the server
2024-06-11 08:36:36 : info: Successfully started the server
2024-06-11 08:36:37 : info: Successfully started the server
2024-06-11 08:36:55 : info: Successfully started the server
2024-06-11 08:37:03 : info: Successfully started the server
2024-06-11 08:37:13 : info: Successfully started the server
2024-06-11 08:37:15 : info: Successfully started the server
2024-06-11 08:37:18 : info: Successfully started the server
2024-06-11 08:37:21 : info: Successfully started the server
2024-06-11 08:37:25 : info: Successfully started the server
2024-06-11 08:37:33 : info: Successfully started the server
2024-06-11 08:37:35 : info: Successfully started the server
2024-06-11 08:37:52 : info: Successfully started the server
2024-06-11 08:38:25 : info: Successfully started the server
2024-06-11 08:38:28 : info: Successfully started the server
2024-06-11 08:38:30 : info: Successfully started the server
2024-06-11 08:38:34 : info: Successfully started the server
2024-06-11 08:38:35 : info: Successfully started the server
2024-06-11 08:38:41 : info: Successfully started the server
2024-06-11 08:38:49 : info: Successfully started the server
2024-06-11 08:38:57 : info: Successfully started the server
2024-06-11 12:23:05 : info: Successfully started the server
2024-06-11 12:25:46 : info: Successfully started the server
2024-06-11 12:25:50 : info: Successfully started the server
2024-06-11 12:25:54 : info: Successfully started the server
2024-06-11 12:25:57 : info: Successfully started the server
2024-06-11 12:26:15 : info: Successfully started the server
2024-06-11 12:43:16 : info: Successfully started the server
2024-06-11 12:44:13 : info: Successfully started the server
2024-06-11 12:44:14 : info: Successfully started the server
2024-06-11 12:44:29 : info: Successfully started the server
2024-06-11 12:44:42 : info: Successfully started the server
2024-06-11 12:44:53 : info: Successfully started the server
2024-06-11 12:44:58 : info: Successfully started the server
2024-06-11 12:44:59 : info: Successfully started the server
2024-06-11 12:45:00 : info: Successfully started the server
2024-06-11 12:46:04 : info: Successfully started the server
2024-06-11 12:46:55 : info: Successfully started the server
2024-06-11 12:52:21 : info: Successfully started the server
2024-06-11 12:53:28 : info: Successfully started the server
2024-06-11 12:53:35 : info: Successfully started the server
2024-06-11 12:53:39 : info: Successfully started the server
2024-06-11 12:53:39 : info: Successfully started the server
2024-06-11 12:56:07 : info: Successfully started the server
2024-06-11 12:58:05 : info: Successfully started the server
2024-06-11 12:58:07 : info: Successfully started the server
2024-06-11 12:58:15 : info: Successfully started the server
2024-06-11 12:58:22 : info: Successfully started the server
2024-06-11 12:58:25 : info: Successfully started the server
2024-06-11 12:59:09 : info: Successfully started the server
2024-06-11 12:59:18 : info: Successfully started the server
2024-06-11 13:00:49 : info: Successfully started the server
